<?xml version="1.0" encoding="UTF-8"?>
<!-- Generated by org.testng.reporters.JUnitXMLReporter -->
<testsuite ignored="0" hostname="SRINIVAS-G2005" failures="4" tests="9" name="Test" time="49.34" errors="0" timestamp="2025-07-29T18:59:51 IST">
  <testcase classname="testCases.TC3_SizeFilteration_3" name="sizeFilteratin3" time="3.471"/>
  <testcase classname="testCases.TC4_AddToCart_1" name="addToCart" time="0.1"/>
  <testcase classname="testCases.TC8_CheckOutProduct" name="checkOutPrduct" time="2.158">
    <failure type="org.openqa.selenium.NoAlertPresentException" message="no such alert
  (Session info: chrome=138.0.7204.169)
Build info: version: &amp;apos;4.27.0&amp;apos;, revision: &amp;apos;d6e718d134&amp;apos;
System info: os.name: &amp;apos;Windows 11&amp;apos;, os.arch: &amp;apos;amd64&amp;apos;, os.version: &amp;apos;10.0&amp;apos;, java.version: &amp;apos;21&amp;apos;
Driver info: org.openqa.selenium.chrome.ChromeDriver
Command: [f98ab44508c1afdb6f1193ed9c7c53cf, getAlertText {}]
Capabilities {acceptInsecureCerts: false, browserName: chrome, browserVersion: 138.0.7204.169, chrome: {chromedriverVersion: 138.0.7204.168 (3e8d82e86e9..., userDataDir: C:\Users\ASUS\AppData\Local...}, fedcm:accounts: true, goog:chromeOptions: {debuggerAddress: localhost:54091}, networkConnectionEnabled: false, pageLoadStrategy: normal, platformName: windows, proxy: Proxy(), se:cdp: ws://localhost:54091/devtoo..., se:cdpVersion: 138.0.7204.169, setWindowRect: true, strictFileInteractability: false, timeouts: {implicit: 0, pageLoad: 300000, script: 30000}, unhandledPromptBehavior: dismiss and notify, webauthn:extension:credBlob: true, webauthn:extension:largeBlob: true, webauthn:extension:minPinLength: true, webauthn:extension:prf: true, webauthn:virtualAuthenticators: true}
Session ID: f98ab44508c1afdb6f1193ed9c7c53cf">
      <![CDATA[org.openqa.selenium.NoAlertPresentException: no such alert
  (Session info: chrome=138.0.7204.169)
Build info: version: '4.27.0', revision: 'd6e718d134'
System info: os.name: 'Windows 11', os.arch: 'amd64', os.version: '10.0', java.version: '21'
Driver info: org.openqa.selenium.chrome.ChromeDriver
Command: [f98ab44508c1afdb6f1193ed9c7c53cf, getAlertText {}]
Capabilities {acceptInsecureCerts: false, browserName: chrome, browserVersion: 138.0.7204.169, chrome: {chromedriverVersion: 138.0.7204.168 (3e8d82e86e9..., userDataDir: C:\Users\ASUS\AppData\Local...}, fedcm:accounts: true, goog:chromeOptions: {debuggerAddress: localhost:54091}, networkConnectionEnabled: false, pageLoadStrategy: normal, platformName: windows, proxy: Proxy(), se:cdp: ws://localhost:54091/devtoo..., se:cdpVersion: 138.0.7204.169, setWindowRect: true, strictFileInteractability: false, timeouts: {implicit: 0, pageLoad: 300000, script: 30000}, unhandledPromptBehavior: dismiss and notify, webauthn:extension:credBlob: true, webauthn:extension:largeBlob: true, webauthn:extension:minPinLength: true, webauthn:extension:prf: true, webauthn:virtualAuthenticators: true}
Session ID: f98ab44508c1afdb6f1193ed9c7c53cf
at org.openqa.selenium.remote.ErrorCodec.decode(ErrorCodec.java:167)
at org.openqa.selenium.remote.codec.w3c.W3CHttpResponseCodec.decode(W3CHttpResponseCodec.java:138)
at org.openqa.selenium.remote.codec.w3c.W3CHttpResponseCodec.decode(W3CHttpResponseCodec.java:50)
at org.openqa.selenium.remote.HttpCommandExecutor.execute(HttpCommandExecutor.java:190)
at org.openqa.selenium.remote.service.DriverCommandExecutor.invokeExecute(DriverCommandExecutor.java:216)
at org.openqa.selenium.remote.service.DriverCommandExecutor.execute(DriverCommandExecutor.java:174)
at org.openqa.selenium.remote.RemoteWebDriver.execute(RemoteWebDriver.java:545)
at org.openqa.selenium.remote.RemoteWebDriver.execute(RemoteWebDriver.java:618)
at org.openqa.selenium.remote.RemoteWebDriver.execute(RemoteWebDriver.java:622)
at org.openqa.selenium.remote.RemoteWebDriver$RemoteAlert.getText(RemoteWebDriver.java:1215)
at testCases.TC8_CheckOutProduct.checkOutPrduct(TC8_CheckOutProduct.java:29)
at java.base/java.util.ArrayList.forEach(ArrayList.java:1596)
... Removed 28 stack frames]]>
    </failure>
  </testcase> <!-- checkOutPrduct -->
  <testcase classname="testCases.TC7_AddToCart_4" name="addToCart" time="3.367"/>
  <testcase classname="testCases.TC6_AddToCart_3" name="addToCart" time="0.085">
    <failure type="java.lang.StringIndexOutOfBoundsException" message="Range [2, 0) out of bounds for length 0">
      <![CDATA[java.lang.StringIndexOutOfBoundsException: Range [2, 0) out of bounds for length 0
at java.base/jdk.internal.util.Preconditions$1.apply(Preconditions.java:55)
at java.base/jdk.internal.util.Preconditions$1.apply(Preconditions.java:52)
at java.base/jdk.internal.util.Preconditions$4.apply(Preconditions.java:213)
at java.base/jdk.internal.util.Preconditions$4.apply(Preconditions.java:210)
at java.base/jdk.internal.util.Preconditions.outOfBounds(Preconditions.java:98)
at java.base/jdk.internal.util.Preconditions.outOfBoundsCheckFromToIndex(Preconditions.java:112)
at java.base/jdk.internal.util.Preconditions.checkFromToIndex(Preconditions.java:349)
at java.base/java.lang.String.checkBoundsBeginEnd(String.java:4861)
at java.base/java.lang.String.substring(String.java:2830)
at java.base/java.lang.String.substring(String.java:2803)
at pageObjects.CartPage_POM.returnCartTotalPirce(CartPage_POM.java:48)
at testCases.TC6_AddToCart_3.addToCart(TC6_AddToCart_3.java:23)
at java.base/java.util.ArrayList.forEach(ArrayList.java:1596)
... Removed 25 stack frames]]>
    </failure>
  </testcase> <!-- addToCart -->
  <testcase classname="testCases.TC5_AddToCart_2" name="addToCart" time="3.245"/>
  <testcase classname="testCases.TC2_SizeFilteration_2" name="sizeFinteration2" time="3.189">
    <failure type="java.lang.AssertionError" message="expected [12] but found [2]">
      <![CDATA[java.lang.AssertionError: expected [12] but found [2]
at testCases.TC2_SizeFilteration_2.sizeFinteration2(TC2_SizeFilteration_2.java:25)
at java.base/java.util.ArrayList.forEach(ArrayList.java:1596)
... Removed 32 stack frames]]>
    </failure>
  </testcase> <!-- sizeFinteration2 -->
  <testcase classname="testCases.TC9_FilterFreeShippingProducts" name="filterFreeShippinProducts" time="0.002">
    <failure type="java.lang.ClassCastException" message="class jdk.proxy2.$Proxy13 cannot be cast to class org.openqa.selenium.By (jdk.proxy2.$Proxy13 is in module jdk.proxy2 of loader &amp;apos;app&amp;apos;; org.openqa.selenium.By is in unnamed module of loader &amp;apos;app&amp;apos;)">
      <![CDATA[java.lang.ClassCastException: class jdk.proxy2.$Proxy13 cannot be cast to class org.openqa.selenium.By (jdk.proxy2.$Proxy13 is in module jdk.proxy2 of loader 'app'; org.openqa.selenium.By is in unnamed module of loader 'app')
at pageObjects.ProductsPage_POM.getFreeShippingProducts(ProductsPage_POM.java:55)
at testCases.TC9_FilterFreeShippingProducts.filterFreeShippinProducts(TC9_FilterFreeShippingProducts.java:22)
at java.base/java.util.ArrayList.forEach(ArrayList.java:1596)
... Removed 25 stack frames]]>
    </failure>
  </testcase> <!-- filterFreeShippinProducts -->
  <testcase classname="testCases.TC1_SizeFilteration_1" name="sizeFilteration1" time="1.151"/>
</testsuite> <!-- Test -->
