<?xml version="1.0" encoding="UTF-8"?>
<testng-results ignored="0" total="1" passed="1" failed="0" skipped="0">
  <reporter-output>
  </reporter-output>
  <suite started-at="2025-07-25T19:26:09 IST" name="Default suite" finished-at="2025-07-25T19:26:17 IST" duration-ms="8221">
    <groups>
    </groups>
    <test started-at="2025-07-25T19:26:09 IST" name="Default test" finished-at="2025-07-25T19:26:17 IST" duration-ms="8221">
      <class name="testCases.TC3_SizeFilteration_3">
        <test-method is-config="true" signature="setUp()[pri:0, instance:testCases.TC3_SizeFilteration_3@2d1ef81a]" started-at="2025-07-25T19:26:09 IST" name="setUp" finished-at="2025-07-25T19:26:14 IST" duration-ms="4506" status="PASS">
          <reporter-output>
          </reporter-output>
        </test-method> <!-- setUp -->
        <test-method signature="sizeFilteratin3()[pri:0, instance:testCases.TC3_SizeFilteration_3@2d1ef81a]" started-at="2025-07-25T19:26:14 IST" name="sizeFilteratin3" finished-at="2025-07-25T19:26:17 IST" duration-ms="3475" status="PASS">
          <reporter-output>
          </reporter-output>
        </test-method> <!-- sizeFilteratin3 -->
        <test-method is-config="true" signature="tearDown()[pri:0, instance:testCases.TC3_SizeFilteration_3@2d1ef81a]" started-at="2025-07-25T19:26:17 IST" name="tearDown" finished-at="2025-07-25T19:26:17 IST" duration-ms="207" status="PASS">
          <reporter-output>
          </reporter-output>
        </test-method> <!-- tearDown -->
      </class> <!-- testCases.TC3_SizeFilteration_3 -->
    </test> <!-- Default test -->
  </suite> <!-- Default suite -->
</testng-results>
