<?xml version="1.0" encoding="UTF-8"?>
<testng-results ignored="0" total="9" passed="6" failed="3" skipped="0">
  <reporter-output>
  </reporter-output>
  <suite started-at="2025-07-30T15:01:55 IST" name="Suite" finished-at="2025-07-30T15:02:53 IST" duration-ms="58189">
    <groups>
    </groups>
    <test started-at="2025-07-30T15:01:55 IST" name="Test" finished-at="2025-07-30T15:02:53 IST" duration-ms="58189">
      <class name="testCases.TC2_SizeFilteration_2">
        <test-method is-config="true" signature="setUp()[pri:0, instance:testCases.TC2_SizeFilteration_2@249e0271]" started-at="2025-07-30T15:02:38 IST" name="setUp" finished-at="2025-07-30T15:02:40 IST" duration-ms="2682" status="PASS">
          <reporter-output>
          </reporter-output>
        </test-method> <!-- setUp -->
        <test-method signature="sizeFinteration2()[pri:0, instance:testCases.TC2_SizeFilteration_2@249e0271]" started-at="2025-07-30T15:02:40 IST" name="sizeFinteration2" finished-at="2025-07-30T15:02:44 IST" duration-ms="3656" status="PASS">
          <reporter-output>
          </reporter-output>
        </test-method> <!-- sizeFinteration2 -->
        <test-method is-config="true" signature="tearDown()[pri:0, instance:testCases.TC2_SizeFilteration_2@249e0271]" started-at="2025-07-30T15:02:44 IST" name="tearDown" finished-at="2025-07-30T15:02:44 IST" duration-ms="396" status="PASS">
          <reporter-output>
          </reporter-output>
        </test-method> <!-- tearDown -->
      </class> <!-- testCases.TC2_SizeFilteration_2 -->
      <class name="testCases.TC7_AddToCart_4">
        <test-method is-config="true" signature="setUp()[pri:0, instance:testCases.TC7_AddToCart_4@5ac6c4f2]" started-at="2025-07-30T15:02:17 IST" name="setUp" finished-at="2025-07-30T15:02:20 IST" duration-ms="2998" status="PASS">
          <reporter-output>
          </reporter-output>
        </test-method> <!-- setUp -->
        <test-method signature="addToCart()[pri:0, instance:testCases.TC7_AddToCart_4@5ac6c4f2]" started-at="2025-07-30T15:02:20 IST" name="addToCart" finished-at="2025-07-30T15:02:25 IST" duration-ms="4552" status="PASS">
          <reporter-output>
          </reporter-output>
        </test-method> <!-- addToCart -->
        <test-method is-config="true" signature="tearDown()[pri:0, instance:testCases.TC7_AddToCart_4@5ac6c4f2]" started-at="2025-07-30T15:02:25 IST" name="tearDown" finished-at="2025-07-30T15:02:25 IST" duration-ms="460" status="PASS">
          <reporter-output>
          </reporter-output>
        </test-method> <!-- tearDown -->
      </class> <!-- testCases.TC7_AddToCart_4 -->
      <class name="testCases.TC8_CheckOutProduct">
        <test-method is-config="true" signature="setUp()[pri:0, instance:testCases.TC8_CheckOutProduct@3a230001]" started-at="2025-07-30T15:02:10 IST" name="setUp" finished-at="2025-07-30T15:02:13 IST" duration-ms="2743" status="PASS">
          <reporter-output>
          </reporter-output>
        </test-method> <!-- setUp -->
        <test-method signature="checkOutPrduct()[pri:0, instance:testCases.TC8_CheckOutProduct@3a230001]" started-at="2025-07-30T15:02:13 IST" name="checkOutPrduct" finished-at="2025-07-30T15:02:16 IST" duration-ms="3529" status="FAIL">
          <exception class="org.openqa.selenium.NoAlertPresentException">
            <message>
              <![CDATA[no such alert
  (Session info: chrome=138.0.7204.169)
Build info: version: '4.27.0', revision: 'd6e718d134'
System info: os.name: 'Windows 11', os.arch: 'amd64', os.version: '10.0', java.version: '21'
Driver info: org.openqa.selenium.chrome.ChromeDriver
Command: [b3de94087f6c42c706f3fe35740f3aa1, getAlertText {}]
Capabilities {acceptInsecureCerts: false, browserName: chrome, browserVersion: 138.0.7204.169, chrome: {chromedriverVersion: 138.0.7204.183 (e90faf484dd..., userDataDir: C:\Users\ASUS\AppData\Local...}, fedcm:accounts: true, goog:chromeOptions: {debuggerAddress: localhost:54363}, networkConnectionEnabled: false, pageLoadStrategy: normal, platformName: windows, proxy: Proxy(), se:cdp: ws://localhost:54363/devtoo..., se:cdpVersion: 138.0.7204.169, setWindowRect: true, strictFileInteractability: false, timeouts: {implicit: 0, pageLoad: 300000, script: 30000}, unhandledPromptBehavior: dismiss and notify, webauthn:extension:credBlob: true, webauthn:extension:largeBlob: true, webauthn:extension:minPinLength: true, webauthn:extension:prf: true, webauthn:virtualAuthenticators: true}
Session ID: b3de94087f6c42c706f3fe35740f3aa1]]>
            </message>
            <full-stacktrace>
              <![CDATA[org.openqa.selenium.NoAlertPresentException: no such alert
  (Session info: chrome=138.0.7204.169)
Build info: version: '4.27.0', revision: 'd6e718d134'
System info: os.name: 'Windows 11', os.arch: 'amd64', os.version: '10.0', java.version: '21'
Driver info: org.openqa.selenium.chrome.ChromeDriver
Command: [b3de94087f6c42c706f3fe35740f3aa1, getAlertText {}]
Capabilities {acceptInsecureCerts: false, browserName: chrome, browserVersion: 138.0.7204.169, chrome: {chromedriverVersion: 138.0.7204.183 (e90faf484dd..., userDataDir: C:\Users\ASUS\AppData\Local...}, fedcm:accounts: true, goog:chromeOptions: {debuggerAddress: localhost:54363}, networkConnectionEnabled: false, pageLoadStrategy: normal, platformName: windows, proxy: Proxy(), se:cdp: ws://localhost:54363/devtoo..., se:cdpVersion: 138.0.7204.169, setWindowRect: true, strictFileInteractability: false, timeouts: {implicit: 0, pageLoad: 300000, script: 30000}, unhandledPromptBehavior: dismiss and notify, webauthn:extension:credBlob: true, webauthn:extension:largeBlob: true, webauthn:extension:minPinLength: true, webauthn:extension:prf: true, webauthn:virtualAuthenticators: true}
Session ID: b3de94087f6c42c706f3fe35740f3aa1
at java.base/jdk.internal.reflect.DirectConstructorHandleAccessor.newInstance(DirectConstructorHandleAccessor.java:62)
at java.base/java.lang.reflect.Constructor.newInstanceWithCaller(Constructor.java:502)
at java.base/java.lang.reflect.Constructor.newInstance(Constructor.java:486)
at org.openqa.selenium.remote.ErrorCodec.decode(ErrorCodec.java:167)
at org.openqa.selenium.remote.codec.w3c.W3CHttpResponseCodec.decode(W3CHttpResponseCodec.java:138)
at org.openqa.selenium.remote.codec.w3c.W3CHttpResponseCodec.decode(W3CHttpResponseCodec.java:50)
at org.openqa.selenium.remote.HttpCommandExecutor.execute(HttpCommandExecutor.java:190)
at org.openqa.selenium.remote.service.DriverCommandExecutor.invokeExecute(DriverCommandExecutor.java:216)
at org.openqa.selenium.remote.service.DriverCommandExecutor.execute(DriverCommandExecutor.java:174)
at org.openqa.selenium.remote.RemoteWebDriver.execute(RemoteWebDriver.java:545)
at org.openqa.selenium.remote.RemoteWebDriver.execute(RemoteWebDriver.java:618)
at org.openqa.selenium.remote.RemoteWebDriver.execute(RemoteWebDriver.java:622)
at org.openqa.selenium.remote.RemoteWebDriver$RemoteAlert.getText(RemoteWebDriver.java:1215)
at testCases.TC8_CheckOutProduct.checkOutPrduct(TC8_CheckOutProduct.java:42)
at java.base/jdk.internal.reflect.DirectMethodHandleAccessor.invoke(DirectMethodHandleAccessor.java:103)
at java.base/java.lang.reflect.Method.invoke(Method.java:580)
at org.testng.internal.invokers.MethodInvocationHelper.invokeMethod(MethodInvocationHelper.java:141)
at org.testng.internal.invokers.TestInvoker.invokeMethod(TestInvoker.java:686)
at org.testng.internal.invokers.TestInvoker.invokeTestMethod(TestInvoker.java:230)
at org.testng.internal.invokers.MethodRunner.runInSequence(MethodRunner.java:63)
at org.testng.internal.invokers.TestInvoker$MethodInvocationAgent.invoke(TestInvoker.java:992)
at org.testng.internal.invokers.TestInvoker.invokeTestMethods(TestInvoker.java:203)
at org.testng.internal.invokers.TestMethodWorker.invokeTestMethods(TestMethodWorker.java:154)
at org.testng.internal.invokers.TestMethodWorker.run(TestMethodWorker.java:134)
at java.base/java.util.ArrayList.forEach(ArrayList.java:1596)
at org.testng.TestRunner.privateRun(TestRunner.java:739)
at org.testng.TestRunner.run(TestRunner.java:614)
at org.testng.SuiteRunner.runTest(SuiteRunner.java:421)
at org.testng.SuiteRunner.runSequentially(SuiteRunner.java:413)
at org.testng.SuiteRunner.privateRun(SuiteRunner.java:373)
at org.testng.SuiteRunner.run(SuiteRunner.java:312)
at org.testng.SuiteRunnerWorker.runSuite(SuiteRunnerWorker.java:52)
at org.testng.SuiteRunnerWorker.run(SuiteRunnerWorker.java:95)
at org.testng.TestNG.runSuitesSequentially(TestNG.java:1274)
at org.testng.TestNG.runSuitesLocally(TestNG.java:1208)
at org.testng.TestNG.runSuites(TestNG.java:1112)
at org.testng.TestNG.run(TestNG.java:1079)
at org.testng.remote.AbstractRemoteTestNG.run(AbstractRemoteTestNG.java:115)
at org.testng.remote.RemoteTestNG.initAndRun(RemoteTestNG.java:293)
at org.testng.remote.RemoteTestNG.main(RemoteTestNG.java:91)
]]>
            </full-stacktrace>
          </exception> <!-- org.openqa.selenium.NoAlertPresentException -->
          <reporter-output>
          </reporter-output>
        </test-method> <!-- checkOutPrduct -->
        <test-method is-config="true" signature="tearDown()[pri:0, instance:testCases.TC8_CheckOutProduct@3a230001]" started-at="2025-07-30T15:02:17 IST" name="tearDown" finished-at="2025-07-30T15:02:17 IST" duration-ms="559" status="PASS">
          <reporter-output>
          </reporter-output>
        </test-method> <!-- tearDown -->
      </class> <!-- testCases.TC8_CheckOutProduct -->
      <class name="testCases.TC4_AddToCart_1">
        <test-method is-config="true" signature="setUp()[pri:0, instance:testCases.TC4_AddToCart_1@3f9270ed]" started-at="2025-07-30T15:02:04 IST" name="setUp" finished-at="2025-07-30T15:02:08 IST" duration-ms="3850" status="PASS">
          <reporter-output>
          </reporter-output>
        </test-method> <!-- setUp -->
        <test-method signature="addToCart()[pri:0, instance:testCases.TC4_AddToCart_1@3f9270ed]" started-at="2025-07-30T15:02:08 IST" name="addToCart" finished-at="2025-07-30T15:02:10 IST" duration-ms="1392" status="PASS">
          <reporter-output>
          </reporter-output>
        </test-method> <!-- addToCart -->
        <test-method is-config="true" signature="tearDown()[pri:0, instance:testCases.TC4_AddToCart_1@3f9270ed]" started-at="2025-07-30T15:02:10 IST" name="tearDown" finished-at="2025-07-30T15:02:10 IST" duration-ms="378" status="PASS">
          <reporter-output>
          </reporter-output>
        </test-method> <!-- tearDown -->
      </class> <!-- testCases.TC4_AddToCart_1 -->
      <class name="testCases.TC3_SizeFilteration_3">
        <test-method is-config="true" signature="setUp()[pri:0, instance:testCases.TC3_SizeFilteration_3@24b4d544]" started-at="2025-07-30T15:01:56 IST" name="setUp" finished-at="2025-07-30T15:01:59 IST" duration-ms="3673" status="PASS">
          <reporter-output>
          </reporter-output>
        </test-method> <!-- setUp -->
        <test-method signature="sizeFilteratin3()[pri:0, instance:testCases.TC3_SizeFilteration_3@24b4d544]" started-at="2025-07-30T15:01:59 IST" name="sizeFilteratin3" finished-at="2025-07-30T15:02:04 IST" duration-ms="4175" status="PASS">
          <reporter-output>
          </reporter-output>
        </test-method> <!-- sizeFilteratin3 -->
        <test-method is-config="true" signature="tearDown()[pri:0, instance:testCases.TC3_SizeFilteration_3@24b4d544]" started-at="2025-07-30T15:02:04 IST" name="tearDown" finished-at="2025-07-30T15:02:04 IST" duration-ms="491" status="PASS">
          <reporter-output>
          </reporter-output>
        </test-method> <!-- tearDown -->
      </class> <!-- testCases.TC3_SizeFilteration_3 -->
      <class name="testCases.TC5_AddToCart_2">
        <test-method is-config="true" signature="setUp()[pri:0, instance:testCases.TC5_AddToCart_2@61f39bb]" started-at="2025-07-30T15:02:30 IST" name="setUp" finished-at="2025-07-30T15:02:33 IST" duration-ms="2679" status="PASS">
          <reporter-output>
          </reporter-output>
        </test-method> <!-- setUp -->
        <test-method signature="addToCart()[pri:0, instance:testCases.TC5_AddToCart_2@61f39bb]" started-at="2025-07-30T15:02:33 IST" name="addToCart" finished-at="2025-07-30T15:02:37 IST" duration-ms="4461" status="PASS">
          <reporter-output>
          </reporter-output>
        </test-method> <!-- addToCart -->
        <test-method is-config="true" signature="tearDown()[pri:0, instance:testCases.TC5_AddToCart_2@61f39bb]" started-at="2025-07-30T15:02:37 IST" name="tearDown" finished-at="2025-07-30T15:02:38 IST" duration-ms="498" status="PASS">
          <reporter-output>
          </reporter-output>
        </test-method> <!-- tearDown -->
      </class> <!-- testCases.TC5_AddToCart_2 -->
      <class name="testCases.TC6_AddToCart_3">
        <test-method is-config="true" signature="setUp()[pri:0, instance:testCases.TC6_AddToCart_3@2aa6311a]" started-at="2025-07-30T15:02:25 IST" name="setUp" finished-at="2025-07-30T15:02:28 IST" duration-ms="3199" status="PASS">
          <reporter-output>
          </reporter-output>
        </test-method> <!-- setUp -->
        <test-method signature="addToCart()[pri:0, instance:testCases.TC6_AddToCart_3@2aa6311a]" started-at="2025-07-30T15:02:28 IST" name="addToCart" finished-at="2025-07-30T15:02:30 IST" duration-ms="1277" status="PASS">
          <reporter-output>
          </reporter-output>
        </test-method> <!-- addToCart -->
        <test-method is-config="true" signature="tearDown()[pri:0, instance:testCases.TC6_AddToCart_3@2aa6311a]" started-at="2025-07-30T15:02:30 IST" name="tearDown" finished-at="2025-07-30T15:02:30 IST" duration-ms="377" status="PASS">
          <reporter-output>
          </reporter-output>
        </test-method> <!-- tearDown -->
      </class> <!-- testCases.TC6_AddToCart_3 -->
      <class name="testCases.TC1_SizeFilteration_1">
        <test-method is-config="true" signature="setUp()[pri:0, instance:testCases.TC1_SizeFilteration_1@53a665ad]" started-at="2025-07-30T15:02:48 IST" name="setUp" finished-at="2025-07-30T15:02:51 IST" duration-ms="2744" status="PASS">
          <reporter-output>
          </reporter-output>
        </test-method> <!-- setUp -->
        <test-method signature="sizeFilteration1()[pri:0, instance:testCases.TC1_SizeFilteration_1@53a665ad]" started-at="2025-07-30T15:02:51 IST" name="sizeFilteration1" finished-at="2025-07-30T15:02:53 IST" duration-ms="1632" status="FAIL">
          <exception class="java.lang.AssertionError">
            <message>
              <![CDATA[expected [10] but found [16]]]>
            </message>
            <full-stacktrace>
              <![CDATA[java.lang.AssertionError: expected [10] but found [16]
at org.testng.Assert.fail(Assert.java:111)
at org.testng.Assert.failNotEquals(Assert.java:1578)
at org.testng.Assert.assertEqualsImpl(Assert.java:150)
at org.testng.Assert.assertEquals(Assert.java:132)
at org.testng.Assert.assertEquals(Assert.java:1419)
at org.testng.Assert.assertEquals(Assert.java:1383)
at org.testng.Assert.assertEquals(Assert.java:1429)
at testCases.TC1_SizeFilteration_1.sizeFilteration1(TC1_SizeFilteration_1.java:37)
at java.base/jdk.internal.reflect.DirectMethodHandleAccessor.invoke(DirectMethodHandleAccessor.java:103)
at java.base/java.lang.reflect.Method.invoke(Method.java:580)
at org.testng.internal.invokers.MethodInvocationHelper.invokeMethod(MethodInvocationHelper.java:141)
at org.testng.internal.invokers.TestInvoker.invokeMethod(TestInvoker.java:686)
at org.testng.internal.invokers.TestInvoker.invokeTestMethod(TestInvoker.java:230)
at org.testng.internal.invokers.MethodRunner.runInSequence(MethodRunner.java:63)
at org.testng.internal.invokers.TestInvoker$MethodInvocationAgent.invoke(TestInvoker.java:992)
at org.testng.internal.invokers.TestInvoker.invokeTestMethods(TestInvoker.java:203)
at org.testng.internal.invokers.TestMethodWorker.invokeTestMethods(TestMethodWorker.java:154)
at org.testng.internal.invokers.TestMethodWorker.run(TestMethodWorker.java:134)
at java.base/java.util.ArrayList.forEach(ArrayList.java:1596)
at org.testng.TestRunner.privateRun(TestRunner.java:739)
at org.testng.TestRunner.run(TestRunner.java:614)
at org.testng.SuiteRunner.runTest(SuiteRunner.java:421)
at org.testng.SuiteRunner.runSequentially(SuiteRunner.java:413)
at org.testng.SuiteRunner.privateRun(SuiteRunner.java:373)
at org.testng.SuiteRunner.run(SuiteRunner.java:312)
at org.testng.SuiteRunnerWorker.runSuite(SuiteRunnerWorker.java:52)
at org.testng.SuiteRunnerWorker.run(SuiteRunnerWorker.java:95)
at org.testng.TestNG.runSuitesSequentially(TestNG.java:1274)
at org.testng.TestNG.runSuitesLocally(TestNG.java:1208)
at org.testng.TestNG.runSuites(TestNG.java:1112)
at org.testng.TestNG.run(TestNG.java:1079)
at org.testng.remote.AbstractRemoteTestNG.run(AbstractRemoteTestNG.java:115)
at org.testng.remote.RemoteTestNG.initAndRun(RemoteTestNG.java:293)
at org.testng.remote.RemoteTestNG.main(RemoteTestNG.java:91)
]]>
            </full-stacktrace>
          </exception> <!-- java.lang.AssertionError -->
          <reporter-output>
          </reporter-output>
        </test-method> <!-- sizeFilteration1 -->
        <test-method is-config="true" signature="tearDown()[pri:0, instance:testCases.TC1_SizeFilteration_1@53a665ad]" started-at="2025-07-30T15:02:53 IST" name="tearDown" finished-at="2025-07-30T15:02:53 IST" duration-ms="426" status="PASS">
          <reporter-output>
          </reporter-output>
        </test-method> <!-- tearDown -->
      </class> <!-- testCases.TC1_SizeFilteration_1 -->
      <class name="testCases.TC9_FilterFreeShippingProducts">
        <test-method is-config="true" signature="setUp()[pri:0, instance:testCases.TC9_FilterFreeShippingProducts@4893b344]" started-at="2025-07-30T15:02:44 IST" name="setUp" finished-at="2025-07-30T15:02:47 IST" duration-ms="2884" status="PASS">
          <reporter-output>
          </reporter-output>
        </test-method> <!-- setUp -->
        <test-method signature="filterFreeShippinProducts()[pri:0, instance:testCases.TC9_FilterFreeShippingProducts@4893b344]" started-at="2025-07-30T15:02:47 IST" name="filterFreeShippinProducts" finished-at="2025-07-30T15:02:47 IST" duration-ms="13" status="FAIL">
          <exception class="java.lang.ClassCastException">
            <message>
              <![CDATA[class jdk.proxy2.$Proxy25 cannot be cast to class org.openqa.selenium.By (jdk.proxy2.$Proxy25 is in module jdk.proxy2 of loader 'app'; org.openqa.selenium.By is in unnamed module of loader 'app')]]>
            </message>
            <full-stacktrace>
              <![CDATA[java.lang.ClassCastException: class jdk.proxy2.$Proxy25 cannot be cast to class org.openqa.selenium.By (jdk.proxy2.$Proxy25 is in module jdk.proxy2 of loader 'app'; org.openqa.selenium.By is in unnamed module of loader 'app')
at pageObjects.ProductsPage_POM.getFreeShippingProducts(ProductsPage_POM.java:55)
at testCases.TC9_FilterFreeShippingProducts.filterFreeShippinProducts(TC9_FilterFreeShippingProducts.java:35)
at java.base/jdk.internal.reflect.DirectMethodHandleAccessor.invoke(DirectMethodHandleAccessor.java:103)
at java.base/java.lang.reflect.Method.invoke(Method.java:580)
at org.testng.internal.invokers.MethodInvocationHelper.invokeMethod(MethodInvocationHelper.java:141)
at org.testng.internal.invokers.TestInvoker.invokeMethod(TestInvoker.java:686)
at org.testng.internal.invokers.TestInvoker.invokeTestMethod(TestInvoker.java:230)
at org.testng.internal.invokers.MethodRunner.runInSequence(MethodRunner.java:63)
at org.testng.internal.invokers.TestInvoker$MethodInvocationAgent.invoke(TestInvoker.java:992)
at org.testng.internal.invokers.TestInvoker.invokeTestMethods(TestInvoker.java:203)
at org.testng.internal.invokers.TestMethodWorker.invokeTestMethods(TestMethodWorker.java:154)
at org.testng.internal.invokers.TestMethodWorker.run(TestMethodWorker.java:134)
at java.base/java.util.ArrayList.forEach(ArrayList.java:1596)
at org.testng.TestRunner.privateRun(TestRunner.java:739)
at org.testng.TestRunner.run(TestRunner.java:614)
at org.testng.SuiteRunner.runTest(SuiteRunner.java:421)
at org.testng.SuiteRunner.runSequentially(SuiteRunner.java:413)
at org.testng.SuiteRunner.privateRun(SuiteRunner.java:373)
at org.testng.SuiteRunner.run(SuiteRunner.java:312)
at org.testng.SuiteRunnerWorker.runSuite(SuiteRunnerWorker.java:52)
at org.testng.SuiteRunnerWorker.run(SuiteRunnerWorker.java:95)
at org.testng.TestNG.runSuitesSequentially(TestNG.java:1274)
at org.testng.TestNG.runSuitesLocally(TestNG.java:1208)
at org.testng.TestNG.runSuites(TestNG.java:1112)
at org.testng.TestNG.run(TestNG.java:1079)
at org.testng.remote.AbstractRemoteTestNG.run(AbstractRemoteTestNG.java:115)
at org.testng.remote.RemoteTestNG.initAndRun(RemoteTestNG.java:293)
at org.testng.remote.RemoteTestNG.main(RemoteTestNG.java:91)
]]>
            </full-stacktrace>
          </exception> <!-- java.lang.ClassCastException -->
          <reporter-output>
          </reporter-output>
        </test-method> <!-- filterFreeShippinProducts -->
        <test-method is-config="true" signature="tearDown()[pri:0, instance:testCases.TC9_FilterFreeShippingProducts@4893b344]" started-at="2025-07-30T15:02:48 IST" name="tearDown" finished-at="2025-07-30T15:02:48 IST" duration-ms="384" status="PASS">
          <reporter-output>
          </reporter-output>
        </test-method> <!-- tearDown -->
      </class> <!-- testCases.TC9_FilterFreeShippingProducts -->
    </test> <!-- Test -->
  </suite> <!-- Suite -->
</testng-results>
